<?xml version="1.0" encoding="UTF-8"?>   
<beans xmlns="http://www.springframework.org/schema/beans"  
       xmlns:xsi="http://www.w3.org/2001/XMLSchema-instance"  
       xmlns:p="http://www.springframework.org/schema/p"  
       xmlns:aop="http://www.springframework.org/schema/aop"  
       xmlns:tx="http://www.springframework.org/schema/tx"  
       xmlns:mvc="http://www.springframework.org/schema/mvc"
       xmlns:context="http://www.springframework.org/schema/context"
       xsi:schemaLocation="http://www.springframework.org/schema/beans http://www.springframework.org/schema/beans/spring-beans-3.1.xsd  
       http://www.springframework.org/schema/aop http://www.springframework.org/schema/aop/spring-aop-3.1.xsd  
       http://www.springframework.org/schema/tx http://www.springframework.org/schema/tx/spring-tx-3.1.xsd
       http://www.springframework.org/schema/context http://www.springframework.org/schema/context/spring-context.xsd
       http://www.springframework.org/schema/mvc http://www.springframework.org/schema/mvc/spring-mvc.xsd
       http://www.springframework.org/schema/security http://www.springframework.org/schema/security/spring-security-3.0.3.xsd">  

    <bean name="HttpServletRequest" class="org.springframework.mock.web.MockHttpServletRequest" scope="request">
    </bean> 

    <bean name="HttpServletResponse" class="org.springframework.mock.web.MockHttpServletResponse" scope="request">
    </bean> 
    
	<bean id="jacksonMessageConverter" class="org.springframework.http.converter.json.MappingJacksonHttpMessageConverter"></bean>
	<bean class="org.springframework.web.servlet.mvc.annotation.AnnotationMethodHandlerAdapter">
		<property name="messageConverters">
			<list>
				<ref bean="jacksonMessageConverter"/>
			</list>
		</property>
	</bean>
     
	<!-- Bean configuration -->
    <bean id="ensoBean" class="org.springframework.aop.framework.ProxyFactoryBean">
		<property name="proxyInterfaces">
			<value>ca.datamagic.enso.injection.ENSO</value>
		</property>
		<property name="target">
			<ref local="ensoBeanTarget" />
		</property>
		<property name="interceptorNames">
			<list>
			    <value>usageHandler</value>
				<value>authenticationHandler</value>
			</list>
		</property>
	</bean>
	
    <!-- Bean Classes -->
    <bean id="ensoBeanTarget" class="ca.datamagic.enso.injection.ENSOImpl">
	    <property name="mongoUrl" value="mongodb://localhost:27017/local"/>
	</bean>
	
    <!-- Advice classes -->
	<bean id="authenticationHandler" class="ca.datamagic.authentication.injection.AuthenticationHandler">
	    <property name="mongoUrl" value="mongodb://localhost:27017/local"/>
	    <property name="redirect" value="true"/>
	    <property name="componentName" value="Hurricane"/>
	</bean>
	<bean id="usageHandler" class="ca.datamagic.accounting.injection.UsageHandler">
	    <property name="mongoUrl" value="mongodb://localhost:27017/local"/>
	</bean>
	
	<!-- Controllers -->
	<bean name="ensoController" class="ca.datamagic.enso.controller.ENSOController" />
    
    <context:annotation-config />
    
   	<!-- context:component-scan base-package="ca.datamagic.hurricane.controller"/ -->

	<mvc:annotation-driven />

	<bean id="viewResolver" class="org.springframework.web.servlet.view.InternalResourceViewResolver">
		<property name="prefix" value="/WEB-INF/views/"/>
		<property name="suffix" value=".jsp"/>
	</bean>

	<mvc:resources mapping="/static/**" location="/"/>

	<mvc:default-servlet-handler />
	
	<!-- Needed to test session/request scoped beans -->
    <bean class="org.springframework.beans.factory.config.CustomScopeConfigurer">
        <property name="scopes">
            <map>
                <entry key="session">
                    <bean class="ca.datamagic.hurricane.controller.testing.CustomScope" />
                </entry>
                <entry key="request">
                    <bean class="ca.datamagic.hurricane.controller.testing.CustomScope" />
                </entry>
            </map>
        </property>
    </bean>
</beans>  